<?xml version="1.0" encoding="UTF-8"?>
<!-- Generated by org.testng.reporters.JUnitReportReporter -->
<testsuite hostname="DESKTOP-7IU7ULG" failures="0" tests="1" name="testcasejavaregister.TC_RF_005" time="21.659" errors="0" timestamp="2025-05-25T13:43:59 IST" skipped="0">
  <testcase classname="testcasejavaregister.TC_RF_005" name="openbrawser" time="21.659"/>
</testsuite> <!-- testcasejavaregister.TC_RF_005 -->
