<?xml version="1.0" encoding="UTF-8"?>
<!-- Generated by org.testng.reporters.JUnitReportReporter -->
<testsuite hostname="DESKTOP-7IU7ULG" failures="0" tests="1" name="testcasejavaregister.TC_RF_004" time="0.052" errors="0" timestamp="2025-05-25T13:19:22 IST" skipped="0">
  <testcase classname="testcasejavaregister.TC_RF_004" name="date" time="0.052"/>
</testsuite> <!-- testcasejavaregister.TC_RF_004 -->
